<?xml version="1.0" encoding="UTF-8"?>
<testng-results skipped="0" failed="0" ignored="0" total="2" passed="2">
  <reporter-output>
  </reporter-output>
  <suite name="Suite" duration-ms="33316" started-at="2020-08-16T17:40:48 IST" finished-at="2020-08-16T17:41:21 IST">
    <groups>
    </groups>
    <test name="Test" duration-ms="33316" started-at="2020-08-16T17:40:48 IST" finished-at="2020-08-16T17:41:21 IST">
      <class name="com.jenkinsDemo.Base.FbTitle">
        <test-method status="PASS" signature="setUp()[pri:0, instance:com.jenkinsDemo.Base.FbTitle@3224f60b]" name="setUp" is-config="true" duration-ms="30654" started-at="2020-08-16T17:40:48 IST" finished-at="2020-08-16T17:41:19 IST">
          <reporter-output>
          </reporter-output>
        </test-method> <!-- setUp -->
        <test-method status="PASS" signature="verifyTitle()[pri:0, instance:com.jenkinsDemo.Base.FbTitle@3224f60b]" name="verifyTitle" duration-ms="41" started-at="2020-08-16T17:41:19 IST" finished-at="2020-08-16T17:41:19 IST">
          <reporter-output>
          </reporter-output>
        </test-method> <!-- verifyTitle -->
        <test-method status="PASS" signature="verifyUrl()[pri:0, instance:com.jenkinsDemo.Base.FbTitle@3224f60b]" name="verifyUrl" duration-ms="17" started-at="2020-08-16T17:41:19 IST" finished-at="2020-08-16T17:41:19 IST">
          <reporter-output>
          </reporter-output>
        </test-method> <!-- verifyUrl -->
        <test-method status="PASS" signature="tearDown()[pri:0, instance:com.jenkinsDemo.Base.FbTitle@3224f60b]" name="tearDown" is-config="true" duration-ms="2554" started-at="2020-08-16T17:41:19 IST" finished-at="2020-08-16T17:41:21 IST">
          <reporter-output>
          </reporter-output>
        </test-method> <!-- tearDown -->
      </class> <!-- com.jenkinsDemo.Base.FbTitle -->
    </test> <!-- Test -->
  </suite> <!-- Suite -->
</testng-results>
