<?xml version="1.0" encoding="UTF-8"?>
<testng-results skipped="0" failed="0" ignored="0" total="2" passed="2">
  <reporter-output>
  </reporter-output>
  <suite name="Suite" duration-ms="18516" started-at="2020-08-09T16:51:25 IST" finished-at="2020-08-09T16:51:43 IST">
    <groups>
    </groups>
    <test name="Test" duration-ms="18516" started-at="2020-08-09T16:51:25 IST" finished-at="2020-08-09T16:51:43 IST">
      <class name="com.jenkinsDemo.Base.FbTitle">
        <test-method status="PASS" signature="setUp()[pri:0, instance:com.jenkinsDemo.Base.FbTitle@4232c52b]" name="setUp" is-config="true" duration-ms="17934" started-at="2020-08-09T16:51:25 IST" finished-at="2020-08-09T16:51:42 IST">
          <reporter-output>
          </reporter-output>
        </test-method> <!-- setUp -->
        <test-method status="PASS" signature="verifyTitle()[pri:0, instance:com.jenkinsDemo.Base.FbTitle@4232c52b]" name="verifyTitle" duration-ms="35" started-at="2020-08-09T16:51:43 IST" finished-at="2020-08-09T16:51:43 IST">
          <reporter-output>
          </reporter-output>
        </test-method> <!-- verifyTitle -->
        <test-method status="PASS" signature="verifyUrl()[pri:0, instance:com.jenkinsDemo.Base.FbTitle@4232c52b]" name="verifyUrl" duration-ms="44" started-at="2020-08-09T16:51:43 IST" finished-at="2020-08-09T16:51:43 IST">
          <reporter-output>
          </reporter-output>
        </test-method> <!-- verifyUrl -->
        <test-method status="PASS" signature="tearDown()[pri:0, instance:com.jenkinsDemo.Base.FbTitle@4232c52b]" name="tearDown" is-config="true" duration-ms="413" started-at="2020-08-09T16:51:43 IST" finished-at="2020-08-09T16:51:43 IST">
          <reporter-output>
          </reporter-output>
        </test-method> <!-- tearDown -->
      </class> <!-- com.jenkinsDemo.Base.FbTitle -->
    </test> <!-- Test -->
  </suite> <!-- Suite -->
</testng-results>
